<?xml version="1.0" encoding="UTF-8"?>
<!-- Generated by org.testng.reporters.JUnitReportReporter -->
<testsuite hostname="Air.local" name="test.java.com.viessmann.vitotrol.appiumtest.MainTest" tests="32" failures="1" timestamp="1 Jul 2014 12:24:15 GMT" time="180.035" errors="0">
  <testcase name="HomeArrowRightBtn" time="0.625" classname="test.java.com.viessmann.vitotrol.appiumtest.MainTest"/>
  <testcase name="HomeMenuBtn" time="0.620" classname="test.java.com.viessmann.vitotrol.appiumtest.MainTest"/>
  <testcase name="HomeOperationModeBtn" time="0.598" classname="test.java.com.viessmann.vitotrol.appiumtest.MainTest"/>
  <testcase name="splashButtonHelpActionCheck" time="3.074" classname="test.java.com.viessmann.vitotrol.appiumtest.MainTest"/>
  <testcase name="HomeHelpBtn" time="0.610" classname="test.java.com.viessmann.vitotrol.appiumtest.MainTest"/>
  <testcase name="HomeRefreshBtn" time="10.813" classname="test.java.com.viessmann.vitotrol.appiumtest.MainTest"/>
  <testcase name="HomeRoomTempMiusBtnClick1stHC" time="6.290" classname="test.java.com.viessmann.vitotrol.appiumtest.MainTest"/>
  <testcase name="HomeMenuBtnMultipleClick" time="20.701" classname="test.java.com.viessmann.vitotrol.appiumtest.MainTest"/>
  <testcase name="HomeHC1Name" time="0.808" classname="test.java.com.viessmann.vitotrol.appiumtest.MainTest"/>
  <testcase name="CopyrightText" time="2.754" classname="test.java.com.viessmann.vitotrol.appiumtest.MainTest"/>
  <testcase name="IntallationListLabels" time="3.102" classname="test.java.com.viessmann.vitotrol.appiumtest.MainTest"/>
  <testcase name="LogInMultipleBack" time="52.618" classname="test.java.com.viessmann.vitotrol.appiumtest.MainTest"/>
  <testcase name="HomeRoomTempMiusBtnClick2ndHC" time="7.235" classname="test.java.com.viessmann.vitotrol.appiumtest.MainTest"/>
  <testcase name="LogIn" time="1.067" classname="test.java.com.viessmann.vitotrol.appiumtest.MainTest"/>
  <testcase name="splashHelpPresentCheck" time="1.549" classname="test.java.com.viessmann.vitotrol.appiumtest.MainTest"/>
  <testcase name="HomeHCArrowSwitch" time="2.456" classname="test.java.com.viessmann.vitotrol.appiumtest.MainTest"/>
  <testcase name="HomeRoomTempPlusBtn" time="0.646" classname="test.java.com.viessmann.vitotrol.appiumtest.MainTest"/>
  <testcase name="HomeHelpcheck2ndHC" time="11.665" classname="test.java.com.viessmann.vitotrol.appiumtest.MainTest"/>
  <testcase name="splashButtonHelpContentCheck" time="6.145" classname="test.java.com.viessmann.vitotrol.appiumtest.MainTest"/>
  <testcase name="HomeRoomTempMinusBtn" time="0.589" classname="test.java.com.viessmann.vitotrol.appiumtest.MainTest"/>
  <testcase name="LoginToIntallation" time="3.149" classname="test.java.com.viessmann.vitotrol.appiumtest.MainTest"/>
  <testcase name="HomeHelpCheck" time="10.081" classname="test.java.com.viessmann.vitotrol.appiumtest.MainTest"/>
  <testcase name="HomeRoomTempPlusBtnClick2ndHC" time="8.626" classname="test.java.com.viessmann.vitotrol.appiumtest.MainTest"/>
  <testcase name="HomeOperationModeBtnAction1stHC" time="3.406" classname="test.java.com.viessmann.vitotrol.appiumtest.MainTest"/>
  <testcase name="HomeRoomTempPlusBtnClick1stHC" time="7.704" classname="test.java.com.viessmann.vitotrol.appiumtest.MainTest"/>
  <testcase name="HomeArrowLeftBtn" time="1.620" classname="test.java.com.viessmann.vitotrol.appiumtest.MainTest"/>
  <testcase name="logInBUtton" time="1.253" classname="test.java.com.viessmann.vitotrol.appiumtest.MainTest"/>
  <testcase name="HomeOperationModeBtnAction2ndHC" time="5.709" classname="test.java.com.viessmann.vitotrol.appiumtest.MainTest"/>
  <testcase name="HomeOperationModeBtn2ndHC" time="0.626" classname="test.java.com.viessmann.vitotrol.appiumtest.MainTest"/>
  <testcase name="InstallationListMultipleBack" time="2.611" classname="test.java.com.viessmann.vitotrol.appiumtest.MainTest"/>
  <testcase name="LogInInstallationList" time="0.296" classname="test.java.com.viessmann.vitotrol.appiumtest.MainTest">
    <failure type="org.openqa.selenium.WebDriverException" message="An unknown server-side error occurred while processing the command. (WARNING: The server did not provide any stacktrace information)
Command duration or timeout: 293 milliseconds
Build info: version: &#039;2.35.0&#039;, revision: &#039;8df0c6b&#039;, time: &#039;2013-08-12 15:43:19&#039;
System info: os.name: &#039;Mac OS X&#039;, os.arch: &#039;x86_64&#039;, os.version: &#039;10.9.3&#039;, java.version: &#039;1.7.0_40&#039;
Session ID: c7ce7b0e-74e5-4cbb-aa2e-1ef877c16ac4
Driver info: test.java.com.viessmann.vitotrol.appiumtest.SetUp$SwipeableWebDriver
Capabilities [{platform=MAC, javascriptEnabled=true, browserName=iOS, desired={platformVersion=7.1, platformName=iOS, device=iphone, language=en}, locationContextEnabled=false, platformVersion=7.1, databaseEnabled=false, platformName=iOS, webStorageEnabled=false, device=iphone, language=en, warnings={}, takesScreenshot=true}]">
      <![CDATA[org.openqa.selenium.WebDriverException: An unknown server-side error occurred while processing the command. (WARNING: The server did not provide any stacktrace information)
Command duration or timeout: 293 milliseconds
Build info: version: '2.35.0', revision: '8df0c6b', time: '2013-08-12 15:43:19'
System info: os.name: 'Mac OS X', os.arch: 'x86_64', os.version: '10.9.3', java.version: '1.7.0_40'
Session ID: c7ce7b0e-74e5-4cbb-aa2e-1ef877c16ac4
Driver info: test.java.com.viessmann.vitotrol.appiumtest.SetUp$SwipeableWebDriver
Capabilities [{platform=MAC, javascriptEnabled=true, browserName=iOS, desired={platformVersion=7.1, platformName=iOS, device=iphone, language=en}, locationContextEnabled=false, platformVersion=7.1, databaseEnabled=false, platformName=iOS, webStorageEnabled=false, device=iphone, language=en, warnings={}, takesScreenshot=true}]
	at sun.reflect.NativeConstructorAccessorImpl.newInstance0(Native Method)
	at sun.reflect.NativeConstructorAccessorImpl.newInstance(NativeConstructorAccessorImpl.java:57)
	at sun.reflect.DelegatingConstructorAccessorImpl.newInstance(DelegatingConstructorAccessorImpl.java:45)
	at java.lang.reflect.Constructor.newInstance(Constructor.java:526)
	at org.openqa.selenium.remote.ErrorHandler.createThrowable(ErrorHandler.java:191)
	at org.openqa.selenium.remote.ErrorHandler.throwIfResponseFailed(ErrorHandler.java:145)
	at org.openqa.selenium.remote.RemoteWebDriver.execute(RemoteWebDriver.java:554)
	at org.openqa.selenium.remote.RemoteWebElement.execute(RemoteWebElement.java:268)
	at org.openqa.selenium.remote.RemoteWebElement.click(RemoteWebElement.java:79)
	at test.java.com.viessmann.vitotrol.appiumtest.MainTest.LogInInstallationList(MainTest.java:137)
	at sun.reflect.NativeMethodAccessorImpl.invoke0(Native Method)
	at sun.reflect.NativeMethodAccessorImpl.invoke(NativeMethodAccessorImpl.java:57)
	at sun.reflect.DelegatingMethodAccessorImpl.invoke(DelegatingMethodAccessorImpl.java:43)
	at java.lang.reflect.Method.invoke(Method.java:606)
	at org.testng.internal.MethodInvocationHelper.invokeMethod(MethodInvocationHelper.java:84)
	at org.testng.internal.Invoker.invokeMethod(Invoker.java:714)
	at org.testng.internal.Invoker.invokeTestMethod(Invoker.java:901)
	at org.testng.internal.Invoker.invokeTestMethods(Invoker.java:1231)
	at org.testng.internal.TestMethodWorker.invokeTestMethods(TestMethodWorker.java:127)
	at org.testng.internal.TestMethodWorker.run(TestMethodWorker.java:111)
	at org.testng.TestRunner.privateRun(TestRunner.java:767)
	at org.testng.TestRunner.run(TestRunner.java:617)
	at org.testng.SuiteRunner.runTest(SuiteRunner.java:334)
	at org.testng.SuiteRunner.runSequentially(SuiteRunner.java:329)
	at org.testng.SuiteRunner.privateRun(SuiteRunner.java:291)
	at org.testng.SuiteRunner.run(SuiteRunner.java:240)
	at org.testng.SuiteRunnerWorker.runSuite(SuiteRunnerWorker.java:52)
	at org.testng.SuiteRunnerWorker.run(SuiteRunnerWorker.java:86)
	at org.testng.TestNG.runSuitesSequentially(TestNG.java:1224)
	at org.testng.TestNG.runSuitesLocally(TestNG.java:1149)
	at org.testng.TestNG.run(TestNG.java:1057)
	at org.testng.remote.RemoteTestNG.run(RemoteTestNG.java:111)
	at org.testng.remote.RemoteTestNG.initAndRun(RemoteTestNG.java:204)
	at org.testng.remote.RemoteTestNG.main(RemoteTestNG.java:175)
]]>
    </failure>
  </testcase> <!-- LogInInstallationList -->
  <testcase name="splashShowcaseButtonCheck" time="0.989" classname="test.java.com.viessmann.vitotrol.appiumtest.MainTest"/>
</testsuite> <!-- test.java.com.viessmann.vitotrol.appiumtest.MainTest -->
